2023-11-16 17:29:55 INFO  eBankingSite:16 - Url is opened
2023-11-16 17:29:56 INFO  eBankingSite:19 - User name is entered
2023-11-16 17:29:57 INFO  eBankingSite:21 - Password is Entered
2023-11-16 17:29:59 INFO  eBankingSite:23 - Button is clicked
2023-11-18 10:40:04 INFO  eBankingSite:16 - Url is opened
2023-11-18 10:46:04 INFO  eBankingSite:18 - Url is opened
2023-11-18 10:46:09 INFO  eBankingSite:21 - User name is entered
2023-11-18 10:46:09 INFO  eBankingSite:23 - Password is Entered
2023-11-18 10:46:12 INFO  eBankingSite:25 - Button is clicked
2023-11-18 12:35:08 INFO  eBankingSite:17 - Url is opened
2023-11-18 12:35:11 INFO  eBankingSite:20 - User name is entered
2023-11-18 12:35:11 INFO  eBankingSite:22 - Password is Entered
2023-11-18 12:35:35 INFO  eBankingSite:24 - Button is clicked
2023-11-20 20:22:08 INFO  eBankingSite:17 - Url is opened
2023-11-20 20:22:39 INFO  eBankingSite:20 - User name is entered
2023-11-20 20:22:41 INFO  eBankingSite:22 - Password is Entered
2023-11-20 20:22:56 INFO  eBankingSite:24 - Button is clicked
2023-11-20 20:22:59 DEBUG cache:45 - Couldn't find template in cache for "index.ftl"("en", UTF-8, parsed); will try to load it.
2023-11-20 20:22:59 DEBUG cache:45 - TemplateLoader.findTemplateSource("index_en.ftl"): Not found
2023-11-20 20:22:59 DEBUG cache:45 - TemplateLoader.findTemplateSource("index.ftl"): Found
2023-11-20 20:22:59 DEBUG cache:45 - Loading template for "index.ftl"("en", UTF-8, parsed) from "jar:file:/C:/Users/ANUPMA/.m2/repository/com/aventstack/extentreports/3.1.2/extentreports-3.1.2.jar!/com/aventstack/extentreports/view/html-report/index.ftl"
2023-11-20 20:23:04 DEBUG cache:45 - Couldn't find template in cache for "head.ftl"("en", UTF-8, parsed); will try to load it.
2023-11-20 20:23:04 DEBUG cache:45 - TemplateLoader.findTemplateSource("head_en.ftl"): Not found
2023-11-20 20:23:04 DEBUG cache:45 - TemplateLoader.findTemplateSource("head.ftl"): Found
2023-11-20 20:23:04 DEBUG cache:45 - Loading template for "head.ftl"("en", UTF-8, parsed) from "jar:file:/C:/Users/ANUPMA/.m2/repository/com/aventstack/extentreports/3.1.2/extentreports-3.1.2.jar!/com/aventstack/extentreports/view/html-report/head.ftl"
2023-11-20 20:23:04 DEBUG cache:45 - Couldn't find template in cache for "nav.ftl"("en", UTF-8, parsed); will try to load it.
2023-11-20 20:23:04 DEBUG cache:45 - TemplateLoader.findTemplateSource("nav_en.ftl"): Not found
2023-11-20 20:23:04 DEBUG cache:45 - TemplateLoader.findTemplateSource("nav.ftl"): Found
2023-11-20 20:23:04 DEBUG cache:45 - Loading template for "nav.ftl"("en", UTF-8, parsed) from "jar:file:/C:/Users/ANUPMA/.m2/repository/com/aventstack/extentreports/3.1.2/extentreports-3.1.2.jar!/com/aventstack/extentreports/view/html-report/nav.ftl"
2023-11-20 20:23:04 DEBUG cache:45 - Couldn't find template in cache for "test-view/test-view.ftl"("en", UTF-8, parsed); will try to load it.
2023-11-20 20:23:04 DEBUG cache:45 - TemplateLoader.findTemplateSource("test-view/test-view_en.ftl"): Not found
2023-11-20 20:23:04 DEBUG cache:45 - TemplateLoader.findTemplateSource("test-view/test-view.ftl"): Found
2023-11-20 20:23:04 DEBUG cache:45 - Loading template for "test-view/test-view.ftl"("en", UTF-8, parsed) from "jar:file:/C:/Users/ANUPMA/.m2/repository/com/aventstack/extentreports/3.1.2/extentreports-3.1.2.jar!/com/aventstack/extentreports/view/html-report/test-view/test-view.ftl"
2023-11-20 20:23:04 DEBUG cache:45 - Couldn't find template in cache for "test-view/test-view-charts.ftl"("en", UTF-8, parsed); will try to load it.
2023-11-20 20:23:04 DEBUG cache:45 - TemplateLoader.findTemplateSource("test-view/test-view-charts_en.ftl"): Not found
2023-11-20 20:23:04 DEBUG cache:45 - TemplateLoader.findTemplateSource("test-view/test-view-charts.ftl"): Found
2023-11-20 20:23:04 DEBUG cache:45 - Loading template for "test-view/test-view-charts.ftl"("en", UTF-8, parsed) from "jar:file:/C:/Users/ANUPMA/.m2/repository/com/aventstack/extentreports/3.1.2/extentreports-3.1.2.jar!/com/aventstack/extentreports/view/html-report/test-view/test-view-charts.ftl"
2023-11-20 20:23:04 DEBUG cache:45 - Couldn't find template in cache for "test-view/standard.ftl"("en", UTF-8, parsed); will try to load it.
2023-11-20 20:23:04 DEBUG cache:45 - TemplateLoader.findTemplateSource("test-view/standard_en.ftl"): Not found
2023-11-20 20:23:04 DEBUG cache:45 - TemplateLoader.findTemplateSource("test-view/standard.ftl"): Found
2023-11-20 20:23:04 DEBUG cache:45 - Loading template for "test-view/standard.ftl"("en", UTF-8, parsed) from "jar:file:/C:/Users/ANUPMA/.m2/repository/com/aventstack/extentreports/3.1.2/extentreports-3.1.2.jar!/com/aventstack/extentreports/view/html-report/test-view/standard.ftl"
2023-11-20 20:23:04 DEBUG cache:45 - Couldn't find template in cache for "category-view/category-view.ftl"("en", UTF-8, parsed); will try to load it.
2023-11-20 20:23:04 DEBUG cache:45 - TemplateLoader.findTemplateSource("category-view/category-view_en.ftl"): Not found
2023-11-20 20:23:04 DEBUG cache:45 - TemplateLoader.findTemplateSource("category-view/category-view.ftl"): Found
2023-11-20 20:23:04 DEBUG cache:45 - Loading template for "category-view/category-view.ftl"("en", UTF-8, parsed) from "jar:file:/C:/Users/ANUPMA/.m2/repository/com/aventstack/extentreports/3.1.2/extentreports-3.1.2.jar!/com/aventstack/extentreports/view/html-report/category-view/category-view.ftl"
2023-11-20 20:23:04 DEBUG cache:45 - Couldn't find template in cache for "author-view/author-view.ftl"("en", UTF-8, parsed); will try to load it.
2023-11-20 20:23:04 DEBUG cache:45 - TemplateLoader.findTemplateSource("author-view/author-view_en.ftl"): Not found
2023-11-20 20:23:04 DEBUG cache:45 - TemplateLoader.findTemplateSource("author-view/author-view.ftl"): Found
2023-11-20 20:23:04 DEBUG cache:45 - Loading template for "author-view/author-view.ftl"("en", UTF-8, parsed) from "jar:file:/C:/Users/ANUPMA/.m2/repository/com/aventstack/extentreports/3.1.2/extentreports-3.1.2.jar!/com/aventstack/extentreports/view/html-report/author-view/author-view.ftl"
2023-11-20 20:23:04 DEBUG cache:45 - Couldn't find template in cache for "exception-view/exception-view.ftl"("en", UTF-8, parsed); will try to load it.
2023-11-20 20:23:04 DEBUG cache:45 - TemplateLoader.findTemplateSource("exception-view/exception-view_en.ftl"): Not found
2023-11-20 20:23:04 DEBUG cache:45 - TemplateLoader.findTemplateSource("exception-view/exception-view.ftl"): Found
2023-11-20 20:23:04 DEBUG cache:45 - Loading template for "exception-view/exception-view.ftl"("en", UTF-8, parsed) from "jar:file:/C:/Users/ANUPMA/.m2/repository/com/aventstack/extentreports/3.1.2/extentreports-3.1.2.jar!/com/aventstack/extentreports/view/html-report/exception-view/exception-view.ftl"
2023-11-20 20:23:04 DEBUG cache:45 - Couldn't find template in cache for "dashboard-view/dashboard-view.ftl"("en", UTF-8, parsed); will try to load it.
2023-11-20 20:23:04 DEBUG cache:45 - TemplateLoader.findTemplateSource("dashboard-view/dashboard-view_en.ftl"): Not found
2023-11-20 20:23:04 DEBUG cache:45 - TemplateLoader.findTemplateSource("dashboard-view/dashboard-view.ftl"): Found
2023-11-20 20:23:04 DEBUG cache:45 - Loading template for "dashboard-view/dashboard-view.ftl"("en", UTF-8, parsed) from "jar:file:/C:/Users/ANUPMA/.m2/repository/com/aventstack/extentreports/3.1.2/extentreports-3.1.2.jar!/com/aventstack/extentreports/view/html-report/dashboard-view/dashboard-view.ftl"
2023-11-20 20:23:04 DEBUG cache:45 - Couldn't find template in cache for "logs-view/testrunner-logs-view.ftl"("en", UTF-8, parsed); will try to load it.
2023-11-20 20:23:04 DEBUG cache:45 - TemplateLoader.findTemplateSource("logs-view/testrunner-logs-view_en.ftl"): Not found
2023-11-20 20:23:04 DEBUG cache:45 - TemplateLoader.findTemplateSource("logs-view/testrunner-logs-view.ftl"): Found
2023-11-20 20:23:04 DEBUG cache:45 - Loading template for "logs-view/testrunner-logs-view.ftl"("en", UTF-8, parsed) from "jar:file:/C:/Users/ANUPMA/.m2/repository/com/aventstack/extentreports/3.1.2/extentreports-3.1.2.jar!/com/aventstack/extentreports/view/html-report/logs-view/testrunner-logs-view.ftl"
